<?xml version="1.0" encoding="UTF-8"?>
<!-- Generated by org.testng.reporters.JUnitXMLReporter -->
<testsuite ignored="0" hostname="Gauravs-Air.hub" failures="0" tests="3" name="Default test" time="7.181" errors="0" timestamp="2024-07-02T13:30:17 NZST">
  <testcase classname="api.pettests.PetTest" name="addNewPet" time="3.527"/>
  <testcase classname="api.pettests.PetTest" name="getpetbyid" time="1.571"/>
  <testcase classname="api.pettests.PetTest" name="getpetbystatus" time="1.895"/>
</testsuite> <!-- Default test -->
