<?xml version="1.0" encoding="UTF-8"?>
<!-- Generated by org.testng.reporters.JUnitXMLReporter -->
<testsuite ignored="0" hostname="Gauravs-Air.hub" failures="0" tests="12" name="Test" time="69.303" errors="0" timestamp="2024-07-04T12:18:54 NZST">
  <testcase classname="api.pettests.PetTest" name="addNewPet" time="3.497"/>
  <testcase classname="api.pettests.PetTest" name="getpetbyid" time="1.554"/>
  <testcase classname="api.pettests.PetTest" name="deleteapet" time="1.528"/>
  <testcase classname="api.pettests.PetTest" name="updatepetwithformdata" time="1.529"/>
  <testcase classname="api.pettests.PetTest" name="updatepetimage" time="12.481"/>
  <testcase classname="api.pettests.PetTest" name="updatepet" time="1.539"/>
  <testcase classname="api.pettests.PetTest2" name="addNewPet" time="1.333"/>
  <testcase classname="api.pettests.PetTest2" name="getpetbyid" time="1.605"/>
  <testcase classname="api.pettests.PetTest2" name="deleteapet" time="1.534"/>
  <testcase classname="api.pettests.PetTest2" name="updatepetwithformdata" time="1.525"/>
  <testcase classname="api.pettests.PetTest2" name="updatepetimage" time="38.908"/>
  <testcase classname="api.pettests.PetTest2" name="updatepet" time="1.448"/>
</testsuite> <!-- Test -->
