<?xml version="1.0" encoding="UTF-8"?>
<!-- Generated by org.testng.reporters.JUnitXMLReporter -->
<testsuite ignored="0" hostname="Gauravs-Air.hub" failures="0" tests="14" name="Test" time="88.172" errors="0" timestamp="2024-07-03T20:51:30 NZST">
  <testcase classname="api.pettests.PetTest" name="addNewPet" time="3.99"/>
  <testcase classname="api.pettests.PetTest" name="getpetbyid" time="1.554"/>
  <testcase classname="api.pettests.PetTest" name="getpetbystatus" time="2.218"/>
  <testcase classname="api.pettests.PetTest" name="deleteapet" time="1.449"/>
  <testcase classname="api.pettests.PetTest" name="updatepetwithformdata" time="1.531"/>
  <testcase classname="api.pettests.PetTest" name="updatepetimage" time="33.147"/>
  <testcase classname="api.pettests.PetTest" name="updatepet" time="1.456"/>
  <testcase classname="api.pettests.PetTest2" name="addNewPet" time="1.614"/>
  <testcase classname="api.pettests.PetTest2" name="getpetbyid" time="1.537"/>
  <testcase classname="api.pettests.PetTest2" name="getpetbystatus" time="2.173"/>
  <testcase classname="api.pettests.PetTest2" name="deleteapet" time="1.398"/>
  <testcase classname="api.pettests.PetTest2" name="updatepetwithformdata" time="1.429"/>
  <testcase classname="api.pettests.PetTest2" name="updatepetimage" time="32.611"/>
  <testcase classname="api.pettests.PetTest2" name="updatepet" time="1.788"/>
</testsuite> <!-- Test -->
