<?xml version="1.0" encoding="UTF-8"?>
<!-- Generated by org.testng.reporters.JUnitXMLReporter -->
<testsuite ignored="0" hostname="Gauravs-Air.hub" failures="0" tests="12" name="Test" time="63.066" errors="0" timestamp="2024-07-04T13:23:54 NZST">
  <testcase classname="api.pettests.PetTest2" name="addNewPet" time="4.391"/>
  <testcase classname="api.pettests.PetTest2" name="getpetbyid" time="1.512"/>
  <testcase classname="api.pettests.PetTest2" name="deleteapet" time="1.306"/>
  <testcase classname="api.pettests.PetTest2" name="updatepetwithformdata" time="1.43"/>
  <testcase classname="api.pettests.PetTest2" name="updatepetimage" time="23.314"/>
  <testcase classname="api.pettests.PetTest2" name="updatepet" time="1.77"/>
  <testcase classname="api.pettests.PetTest" name="addNewPet" time="1.347"/>
  <testcase classname="api.pettests.PetTest" name="getpetbyid" time="1.502"/>
  <testcase classname="api.pettests.PetTest" name="deleteapet" time="1.328"/>
  <testcase classname="api.pettests.PetTest" name="updatepetwithformdata" time="1.541"/>
  <testcase classname="api.pettests.PetTest" name="updatepetimage" time="21.18"/>
  <testcase classname="api.pettests.PetTest" name="updatepet" time="1.457"/>
</testsuite> <!-- Test -->
