<?xml version="1.0" encoding="UTF-8"?>
<testng-results ignored="0" total="12" passed="12" failed="0" skipped="0">
  <reporter-output>
  </reporter-output>
  <suite started-at="2024-07-04T13:22:51 NZST" name="Suite" finished-at="2024-07-04T13:23:54 NZST" duration-ms="63066">
    <groups>
    </groups>
    <test started-at="2024-07-04T13:22:51 NZST" name="Test" finished-at="2024-07-04T13:23:54 NZST" duration-ms="63066">
      <class name="api.pettests.PetTest">
        <test-method is-config="true" signature="beforetests()[pri:0, instance:api.pettests.PetTest@4690b489]" started-at="2024-07-04T13:23:25 NZST" name="beforetests" finished-at="2024-07-04T13:23:25 NZST" duration-ms="12" status="PASS">
          <reporter-output>
          </reporter-output>
        </test-method> <!-- beforetests -->
        <test-method signature="addNewPet()[pri:1, instance:api.pettests.PetTest@4690b489]" started-at="2024-07-04T13:23:25 NZST" name="addNewPet" finished-at="2024-07-04T13:23:27 NZST" duration-ms="1347" status="PASS">
          <reporter-output>
          </reporter-output>
        </test-method> <!-- addNewPet -->
        <test-method signature="getpetbyid()[pri:2, instance:api.pettests.PetTest@4690b489]" started-at="2024-07-04T13:23:27 NZST" name="getpetbyid" finished-at="2024-07-04T13:23:28 NZST" duration-ms="1502" status="PASS">
          <reporter-output>
          </reporter-output>
        </test-method> <!-- getpetbyid -->
        <test-method signature="deleteapet()[pri:4, instance:api.pettests.PetTest@4690b489]" started-at="2024-07-04T13:23:28 NZST" name="deleteapet" finished-at="2024-07-04T13:23:30 NZST" duration-ms="1328" status="PASS">
          <reporter-output>
          </reporter-output>
        </test-method> <!-- deleteapet -->
        <test-method signature="updatepetwithformdata()[pri:5, instance:api.pettests.PetTest@4690b489]" started-at="2024-07-04T13:23:30 NZST" name="updatepetwithformdata" finished-at="2024-07-04T13:23:31 NZST" duration-ms="1541" status="PASS">
          <reporter-output>
          </reporter-output>
        </test-method> <!-- updatepetwithformdata -->
        <test-method signature="updatepetimage()[pri:6, instance:api.pettests.PetTest@4690b489]" started-at="2024-07-04T13:23:31 NZST" name="updatepetimage" finished-at="2024-07-04T13:23:52 NZST" duration-ms="21180" status="PASS">
          <reporter-output>
          </reporter-output>
        </test-method> <!-- updatepetimage -->
        <test-method signature="updatepet()[pri:7, instance:api.pettests.PetTest@4690b489]" started-at="2024-07-04T13:23:52 NZST" name="updatepet" finished-at="2024-07-04T13:23:54 NZST" duration-ms="1457" status="PASS">
          <reporter-output>
          </reporter-output>
        </test-method> <!-- updatepet -->
      </class> <!-- api.pettests.PetTest -->
      <class name="api.pettests.PetTest2">
        <test-method is-config="true" signature="beforetests()[pri:0, instance:api.pettests.PetTest2@4ddced80]" started-at="2024-07-04T13:22:51 NZST" name="beforetests" finished-at="2024-07-04T13:22:52 NZST" duration-ms="913" status="PASS">
          <reporter-output>
          </reporter-output>
        </test-method> <!-- beforetests -->
        <test-method signature="addNewPet()[pri:1, instance:api.pettests.PetTest2@4ddced80]" started-at="2024-07-04T13:22:52 NZST" name="addNewPet" finished-at="2024-07-04T13:22:56 NZST" duration-ms="4391" status="PASS">
          <reporter-output>
          </reporter-output>
        </test-method> <!-- addNewPet -->
        <test-method signature="getpetbyid()[pri:2, instance:api.pettests.PetTest2@4ddced80]" started-at="2024-07-04T13:22:56 NZST" name="getpetbyid" finished-at="2024-07-04T13:22:58 NZST" duration-ms="1512" status="PASS">
          <reporter-output>
          </reporter-output>
        </test-method> <!-- getpetbyid -->
        <test-method signature="deleteapet()[pri:4, instance:api.pettests.PetTest2@4ddced80]" started-at="2024-07-04T13:22:58 NZST" name="deleteapet" finished-at="2024-07-04T13:22:59 NZST" duration-ms="1306" status="PASS">
          <reporter-output>
          </reporter-output>
        </test-method> <!-- deleteapet -->
        <test-method signature="updatepetwithformdata()[pri:5, instance:api.pettests.PetTest2@4ddced80]" started-at="2024-07-04T13:22:59 NZST" name="updatepetwithformdata" finished-at="2024-07-04T13:23:00 NZST" duration-ms="1430" status="PASS">
          <reporter-output>
          </reporter-output>
        </test-method> <!-- updatepetwithformdata -->
        <test-method signature="updatepetimage()[pri:6, instance:api.pettests.PetTest2@4ddced80]" started-at="2024-07-04T13:23:00 NZST" name="updatepetimage" finished-at="2024-07-04T13:23:24 NZST" duration-ms="23314" status="PASS">
          <reporter-output>
          </reporter-output>
        </test-method> <!-- updatepetimage -->
        <test-method signature="updatepet()[pri:7, instance:api.pettests.PetTest2@4ddced80]" started-at="2024-07-04T13:23:24 NZST" name="updatepet" finished-at="2024-07-04T13:23:25 NZST" duration-ms="1770" status="PASS">
          <reporter-output>
          </reporter-output>
        </test-method> <!-- updatepet -->
      </class> <!-- api.pettests.PetTest2 -->
    </test> <!-- Test -->
  </suite> <!-- Suite -->
</testng-results>
