<?xml version="1.0" encoding="UTF-8"?>
<testsuite xmlns:xsi="http://www.w3.org/2001/XMLSchema-instance" xsi:noNamespaceSchemaLocation="https://maven.apache.org/surefire/maven-surefire-plugin/xsd/surefire-test-report.xsd" version="3.0.1" name="TestSuite" time="63.634" tests="12" errors="0" skipped="0" failures="0">
  <properties>
[...]
</properties>
  <testcase name="addNewPet" classname="api.pettests.PetTest2" time="4.395">
    <system-out><![CDATA[Adding new pet with details:
ID: 187472540
Pet Name: raccoon
Category ID: 187472540
Category Name: otter
Tag ID: api.payload.Tag@5398edd0
status: available
PhotoURL: [Ljava.lang.String;@b5cc23a
JSON Payload:
{"id":187472540,"name":"raccoon","status":"available","photoUrls":["www.cheree-barton.org"],"category":{"id":187472540,"name":"otter"},"tags":[{"id":187472540,"name":"yellowjacket"}]}
HTTP/1.1 200 OK
Date: Thu, 04 Jul 2024 01:22:56 GMT
Content-Type: application/json
Transfer-Encoding: chunked
Connection: keep-alive
Access-Control-Allow-Origin: *
Access-Control-Allow-Methods: GET, POST, DELETE, PUT
Access-Control-Allow-Headers: Content-Type, api_key, Authorization
Server: Jetty(9.2.9.v20150224)

{
    "id": 187472540,
    "category": {
        "id": 187472540,
        "name": "otter"
    },
    "name": "raccoon",
    "photoUrls": [
        "www.cheree-barton.org"
    ],
    "tags": [
        {
            "id": 187472540,
            "name": "yellowjacket"
        }
    ],
    "status": "available"
}
]]></system-out>
    <system-err><![CDATA[SLF4J: Failed to load class "org.slf4j.impl.StaticLoggerBinder".
SLF4J: Defaulting to no-operation (NOP) logger implementation
SLF4J: See http://www.slf4j.org/codes.html#StaticLoggerBinder for further details.
]]></system-err>
  </testcase>
  <testcase name="getpetbyid" classname="api.pettests.PetTest2" time="1.516">
    <system-out><![CDATA[HTTP/1.1 200 OK
Date: Thu, 04 Jul 2024 01:22:57 GMT
Content-Type: application/json
Transfer-Encoding: chunked
Connection: keep-alive
Access-Control-Allow-Origin: *
Access-Control-Allow-Methods: GET, POST, DELETE, PUT
Access-Control-Allow-Headers: Content-Type, api_key, Authorization
Server: Jetty(9.2.9.v20150224)

{
    "id": 187472540,
    "category": {
        "id": 187472540,
        "name": "otter"
    },
    "name": "raccoon",
    "photoUrls": [
        "www.cheree-barton.org"
    ],
    "tags": [
        {
            "id": 187472540,
            "name": "yellowjacket"
        }
    ],
    "status": "available"
}
]]></system-out>
  </testcase>
  <testcase name="deleteapet" classname="api.pettests.PetTest2" time="1.304">
    <system-out><![CDATA[HTTP/1.1 200 OK
Date: Thu, 04 Jul 2024 01:22:59 GMT
Content-Type: application/json
Transfer-Encoding: chunked
Connection: keep-alive
Access-Control-Allow-Origin: *
Access-Control-Allow-Methods: GET, POST, DELETE, PUT
Access-Control-Allow-Headers: Content-Type, api_key, Authorization
Server: Jetty(9.2.9.v20150224)

{
    "id": 187472540,
    "category": {
        "id": 187472540,
        "name": "otter"
    },
    "name": "raccoon",
    "photoUrls": [
        "www.cheree-barton.org"
    ],
    "tags": [
        {
            "id": 187472540,
            "name": "yellowjacket"
        }
    ],
    "status": "available"
}
]]></system-out>
  </testcase>
  <testcase name="updatepetwithformdata" classname="api.pettests.PetTest2" time="1.43">
    <system-out><![CDATA[HTTP/1.1 200 OK
Date: Thu, 04 Jul 2024 01:23:00 GMT
Content-Type: application/json
Transfer-Encoding: chunked
Connection: keep-alive
Access-Control-Allow-Origin: *
Access-Control-Allow-Methods: GET, POST, DELETE, PUT
Access-Control-Allow-Headers: Content-Type, api_key, Authorization
Server: Jetty(9.2.9.v20150224)

{
    "code": 200,
    "type": "unknown",
    "message": "187472540"
}
]]></system-out>
  </testcase>
  <testcase name="updatepetimage" classname="api.pettests.PetTest2" time="23.314">
    <system-out><![CDATA[HTTP/1.1 200 OK
Date: Thu, 04 Jul 2024 01:23:23 GMT
Content-Type: application/json
Transfer-Encoding: chunked
Connection: keep-alive
Access-Control-Allow-Origin: *
Access-Control-Allow-Methods: GET, POST, DELETE, PUT
Access-Control-Allow-Headers: Content-Type, api_key, Authorization
Server: Jetty(9.2.9.v20150224)

{
    "code": 200,
    "type": "unknown",
    "message": "additionalMetadata: null\nFile uploaded to ./dog.jpg, 11745342 bytes"
}
]]></system-out>
  </testcase>
  <testcase name="updatepet" classname="api.pettests.PetTest2" time="1.77">
    <system-out><![CDATA[updating existing pet with details:
ID: 187472540
Pet Name: koala
Category ID: 1257758058
Category Name: macaw
Tag ID: api.payload.Tag@591be8aa
status: available
PhotoURL: [Ljava.lang.String;@61808ecd
JSON Payload:
{"id":187472540,"name":"koala","status":"available","photoUrls":["www.updated-barton.org"],"category":{"id":1257758058,"name":"macaw"},"tags":[{"id":1257758058,"name":"leopard"}]}
HTTP/1.1 200 OK
Date: Thu, 04 Jul 2024 01:23:25 GMT
Content-Type: application/json
Transfer-Encoding: chunked
Connection: keep-alive
Access-Control-Allow-Origin: *
Access-Control-Allow-Methods: GET, POST, DELETE, PUT
Access-Control-Allow-Headers: Content-Type, api_key, Authorization
Server: Jetty(9.2.9.v20150224)

{
    "id": 187472540,
    "category": {
        "id": 1257758058,
        "name": "macaw"
    },
    "name": "koala",
    "photoUrls": [
        "www.updated-barton.org"
    ],
    "tags": [
        {
            "id": 1257758058,
            "name": "leopard"
        }
    ],
    "status": "available"
}
]]></system-out>
  </testcase>
  <testcase name="addNewPet" classname="api.pettests.PetTest" time="1.35">
    <system-out><![CDATA[Adding new pet with details:
ID: 1129874021
Pet Name: horse
Category ID: 1129874021
Category Name: muskrat
Tag ID: api.payload.Tag@699e0bf0
status: available
PhotoURL: [Ljava.lang.String;@2499b971
JSON Payload:
{"id":1129874021,"name":"horse","status":"available","photoUrls":["www.cheree-barton.org"],"category":{"id":1129874021,"name":"muskrat"},"tags":[{"id":1129874021,"name":"toad"}]}
HTTP/1.1 200 OK
Date: Thu, 04 Jul 2024 01:23:27 GMT
Content-Type: application/json
Transfer-Encoding: chunked
Connection: keep-alive
Access-Control-Allow-Origin: *
Access-Control-Allow-Methods: GET, POST, DELETE, PUT
Access-Control-Allow-Headers: Content-Type, api_key, Authorization
Server: Jetty(9.2.9.v20150224)

{
    "id": 1129874021,
    "category": {
        "id": 1129874021,
        "name": "muskrat"
    },
    "name": "horse",
    "photoUrls": [
        "www.cheree-barton.org"
    ],
    "tags": [
        {
            "id": 1129874021,
            "name": "toad"
        }
    ],
    "status": "available"
}
]]></system-out>
  </testcase>
  <testcase name="getpetbyid" classname="api.pettests.PetTest" time="1.5">
    <system-out><![CDATA[HTTP/1.1 200 OK
Date: Thu, 04 Jul 2024 01:23:28 GMT
Content-Type: application/json
Transfer-Encoding: chunked
Connection: keep-alive
Access-Control-Allow-Origin: *
Access-Control-Allow-Methods: GET, POST, DELETE, PUT
Access-Control-Allow-Headers: Content-Type, api_key, Authorization
Server: Jetty(9.2.9.v20150224)

{
    "id": 1129874021,
    "category": {
        "id": 1129874021,
        "name": "muskrat"
    },
    "name": "horse",
    "photoUrls": [
        "www.cheree-barton.org"
    ],
    "tags": [
        {
            "id": 1129874021,
            "name": "toad"
        }
    ],
    "status": "available"
}
]]></system-out>
  </testcase>
  <testcase name="deleteapet" classname="api.pettests.PetTest" time="1.329">
    <system-out><![CDATA[HTTP/1.1 200 OK
Date: Thu, 04 Jul 2024 01:23:29 GMT
Content-Type: application/json
Transfer-Encoding: chunked
Connection: keep-alive
Access-Control-Allow-Origin: *
Access-Control-Allow-Methods: GET, POST, DELETE, PUT
Access-Control-Allow-Headers: Content-Type, api_key, Authorization
Server: Jetty(9.2.9.v20150224)

{
    "id": 1129874021,
    "category": {
        "id": 1129874021,
        "name": "muskrat"
    },
    "name": "horse",
    "photoUrls": [
        "www.cheree-barton.org"
    ],
    "tags": [
        {
            "id": 1129874021,
            "name": "toad"
        }
    ],
    "status": "available"
}
]]></system-out>
  </testcase>
  <testcase name="updatepetwithformdata" classname="api.pettests.PetTest" time="1.543">
    <system-out><![CDATA[HTTP/1.1 200 OK
Date: Thu, 04 Jul 2024 01:23:31 GMT
Content-Type: application/json
Transfer-Encoding: chunked
Connection: keep-alive
Access-Control-Allow-Origin: *
Access-Control-Allow-Methods: GET, POST, DELETE, PUT
Access-Control-Allow-Headers: Content-Type, api_key, Authorization
Server: Jetty(9.2.9.v20150224)

{
    "code": 200,
    "type": "unknown",
    "message": "1129874021"
}
]]></system-out>
  </testcase>
  <testcase name="updatepetimage" classname="api.pettests.PetTest" time="21.182">
    <system-out><![CDATA[HTTP/1.1 200 OK
Date: Thu, 04 Jul 2024 01:23:52 GMT
Content-Type: application/json
Transfer-Encoding: chunked
Connection: keep-alive
Access-Control-Allow-Origin: *
Access-Control-Allow-Methods: GET, POST, DELETE, PUT
Access-Control-Allow-Headers: Content-Type, api_key, Authorization
Server: Jetty(9.2.9.v20150224)

{
    "code": 200,
    "type": "unknown",
    "message": "additionalMetadata: null\nFile uploaded to ./dog.jpg, 11745342 bytes"
}
]]></system-out>
  </testcase>
  <testcase name="updatepet" classname="api.pettests.PetTest" time="1.455">
    <system-out><![CDATA[updating existing pet with details:
ID: 1129874021
Pet Name: monkey
Category ID: 1571707504
Category Name: goose
Tag ID: api.payload.Tag@6e981e78
status: available
PhotoURL: [Ljava.lang.String;@498a4d62
JSON Payload:
{"id":1129874021,"name":"monkey","status":"available","photoUrls":["www.updated-barton.org"],"category":{"id":1571707504,"name":"goose"},"tags":[{"id":1571707504,"name":"louse"}]}
HTTP/1.1 200 OK
Date: Thu, 04 Jul 2024 01:23:54 GMT
Content-Type: application/json
Transfer-Encoding: chunked
Connection: keep-alive
Access-Control-Allow-Origin: *
Access-Control-Allow-Methods: GET, POST, DELETE, PUT
Access-Control-Allow-Headers: Content-Type, api_key, Authorization
Server: Jetty(9.2.9.v20150224)

{
    "id": 1129874021,
    "category": {
        "id": 1571707504,
        "name": "goose"
    },
    "name": "monkey",
    "photoUrls": [
        "www.updated-barton.org"
    ],
    "tags": [
        {
            "id": 1571707504,
            "name": "louse"
        }
    ],
    "status": "available"
}
]]></system-out>
  </testcase>
</testsuite>