<?xml version="1.0" encoding="UTF-8"?>
<testng-results ignored="0" total="1" passed="1" failed="0" skipped="0">
  <reporter-output>
  </reporter-output>
  <suite started-at="2024-07-02T12:44:57 NZST" name="Suite" finished-at="2024-07-02T12:45:01 NZST" duration-ms="3579">
    <groups>
    </groups>
    <test started-at="2024-07-02T12:44:57 NZST" name="Test" finished-at="2024-07-02T12:45:01 NZST" duration-ms="3579">
      <class name="api.pettests.PetTest">
        <test-method is-config="true" signature="beforetests()[pri:0, instance:api.pettests.PetTest@53fe15ff]" started-at="2024-07-02T12:44:57 NZST" name="beforetests" finished-at="2024-07-02T12:44:58 NZST" duration-ms="147" status="PASS">
          <reporter-output>
          </reporter-output>
        </test-method> <!-- beforetests -->
        <test-method signature="addNewPet()[pri:0, instance:api.pettests.PetTest@53fe15ff]" started-at="2024-07-02T12:44:58 NZST" name="addNewPet" finished-at="2024-07-02T12:45:01 NZST" duration-ms="3381" status="PASS">
          <reporter-output>
          </reporter-output>
        </test-method> <!-- addNewPet -->
      </class> <!-- api.pettests.PetTest -->
    </test> <!-- Test -->
  </suite> <!-- Suite -->
</testng-results>
